e:\visualstudio\driver_filter\windows-driver-samples-master\filesys\minifilter\passthrough\x64\debug\vc142.pdb
e:\visualstudio\driver_filter\windows-driver-samples-master\filesys\minifilter\passthrough\x64\debug\aes.obj
e:\visualstudio\driver_filter\windows-driver-samples-master\filesys\minifilter\passthrough\x64\debug\passthrough.obj
e:\visualstudio\driver_filter\windows-driver-samples-master\filesys\minifilter\passthrough\x64\debug\passthrough\passthrough.cat
e:\visualstudio\driver_filter\windows-driver-samples-master\filesys\minifilter\passthrough\x64\debug\passthrough.sys
e:\visualstudio\driver_filter\windows-driver-samples-master\filesys\minifilter\passthrough\x64\debug\passthrough.pdb
e:\visualstudio\driver_filter\windows-driver-samples-master\filesys\minifilter\passthrough\x64\debug\passthrough.res
e:\visualstudio\driver_filter\windows-driver-samples-master\filesys\minifilter\passthrough\x64\debug\passthrough.inf
e:\visualstudio\driver_filter\windows-driver-samples-master\filesys\minifilter\passthrough\x64\debug\passthrough.tlog\cl.command.1.tlog
e:\visualstudio\driver_filter\windows-driver-samples-master\filesys\minifilter\passthrough\x64\debug\passthrough.tlog\cl.read.1.tlog
e:\visualstudio\driver_filter\windows-driver-samples-master\filesys\minifilter\passthrough\x64\debug\passthrough.tlog\cl.write.1.tlog
e:\visualstudio\driver_filter\windows-driver-samples-master\filesys\minifilter\passthrough\x64\debug\passthrough.tlog\inf2cat-expand.22884.read.1.tlog
e:\visualstudio\driver_filter\windows-driver-samples-master\filesys\minifilter\passthrough\x64\debug\passthrough.tlog\inf2cat-expand.22884.write.1.tlog
e:\visualstudio\driver_filter\windows-driver-samples-master\filesys\minifilter\passthrough\x64\debug\passthrough.tlog\inf2cat-expand.read.1.tlog
e:\visualstudio\driver_filter\windows-driver-samples-master\filesys\minifilter\passthrough\x64\debug\passthrough.tlog\inf2cat-expand.write.1.tlog
e:\visualstudio\driver_filter\windows-driver-samples-master\filesys\minifilter\passthrough\x64\debug\passthrough.tlog\inf2cat.command.1.tlog
e:\visualstudio\driver_filter\windows-driver-samples-master\filesys\minifilter\passthrough\x64\debug\passthrough.tlog\inf2cat.read.1.tlog
e:\visualstudio\driver_filter\windows-driver-samples-master\filesys\minifilter\passthrough\x64\debug\passthrough.tlog\inf2cat.write.1.tlog
e:\visualstudio\driver_filter\windows-driver-samples-master\filesys\minifilter\passthrough\x64\debug\passthrough.tlog\link.command.1.tlog
e:\visualstudio\driver_filter\windows-driver-samples-master\filesys\minifilter\passthrough\x64\debug\passthrough.tlog\link.read.1.tlog
e:\visualstudio\driver_filter\windows-driver-samples-master\filesys\minifilter\passthrough\x64\debug\passthrough.tlog\link.write.1.tlog
e:\visualstudio\driver_filter\windows-driver-samples-master\filesys\minifilter\passthrough\x64\debug\passthrough.tlog\rc.command.1.tlog
e:\visualstudio\driver_filter\windows-driver-samples-master\filesys\minifilter\passthrough\x64\debug\passthrough.tlog\rc.read.1.tlog
e:\visualstudio\driver_filter\windows-driver-samples-master\filesys\minifilter\passthrough\x64\debug\passthrough.tlog\rc.write.1.tlog
e:\visualstudio\driver_filter\windows-driver-samples-master\filesys\minifilter\passthrough\x64\debug\passthrough.tlog\signtool.command.1.tlog
e:\visualstudio\driver_filter\windows-driver-samples-master\filesys\minifilter\passthrough\x64\debug\passthrough.tlog\signtool.read.1.tlog
e:\visualstudio\driver_filter\windows-driver-samples-master\filesys\minifilter\passthrough\x64\debug\passthrough.tlog\signtool.timestamp.1.tlog
e:\visualstudio\driver_filter\windows-driver-samples-master\filesys\minifilter\passthrough\x64\debug\passthrough.tlog\signtool.write.1.tlog
e:\visualstudio\driver_filter\windows-driver-samples-master\filesys\minifilter\passthrough\x64\debug\passthrough.tlog\stampinf.command.1.tlog
e:\visualstudio\driver_filter\windows-driver-samples-master\filesys\minifilter\passthrough\x64\debug\passthrough.tlog\stampinf.read.1.tlog
e:\visualstudio\driver_filter\windows-driver-samples-master\filesys\minifilter\passthrough\x64\debug\passthrough.tlog\stampinf.write.1.tlog
