  Building 'passThrough' with toolset 'WindowsKernelModeDriver10.0' and the 'Universal' target platform.
  Stamping x64\Debug\passThrough.inf
  Stamping [Version] section with DriverVer=04/25/2022,21.2.32.447
E:\VisualStudio\Driver_Filter\Windows-driver-samples-master\filesys\miniFilter\passThrough\passThrough.inf(8-8): warning 1324: [Version] section should specify PnpLockdown=1.
E:\VisualStudio\Driver_Filter\Windows-driver-samples-master\filesys\miniFilter\passThrough\passThrough.inf(40-40): warning 2083: Section [defaultuninstall.services] not referenced or used.
E:\VisualStudio\Driver_Filter\Windows-driver-samples-master\filesys\miniFilter\passThrough\passThrough.inf(73-73): warning 1205: Section [MiniFilter.DriverFiles] referenced from DelFiles and CopyFiles directive.
  aes.cpp
  Создание кода...
  Компиляция...
  passThrough.c
  Создание кода...
  passThrough.vcxproj -> E:\VisualStudio\Driver_Filter\Windows-driver-samples-master\filesys\miniFilter\passThrough\x64\Debug\passThrough.sys
  Done Adding Additional Store
  Successfully signed: E:\VisualStudio\Driver_Filter\Windows-driver-samples-master\filesys\miniFilter\passThrough\x64\Debug\passThrough.sys
  
  Driver is 'Universal'.
  ........................
  Signability test complete.
  
  Errors:
  None
  
  Warnings:
  None
  
  Catalog generation complete.
  E:\VisualStudio\Driver_Filter\Windows-driver-samples-master\filesys\miniFilter\passThrough\x64\Debug\passThrough\passthrough.cat
  Done Adding Additional Store
  Successfully signed: x64\Debug\passThrough\passthrough.cat
  
